 /gpfs/home4/dlehman/5SC28-ML4SC-gym-unbalanced-disk/Gaussian_Processes/GP_NARX_vary_nanb.py:75: FutureWarning:The frame.append method is deprecated and will be removed from pandas in a future version. Use pandas.concat instead.
 /gpfs/home4/dlehman/5SC28-ML4SC-gym-unbalanced-disk/Gaussian_Processes/GP_NARX_vary_nanb.py:75: FutureWarning:The frame.append method is deprecated and will be removed from pandas in a future version. Use pandas.concat instead.
 /gpfs/home4/dlehman/5SC28-ML4SC-gym-unbalanced-disk/Gaussian_Processes/GP_NARX_vary_nanb.py:75: FutureWarning:The frame.append method is deprecated and will be removed from pandas in a future version. Use pandas.concat instead.
 /gpfs/home4/dlehman/5SC28-ML4SC-gym-unbalanced-disk/Gaussian_Processes/GP_NARX_vary_nanb.py:75: FutureWarning:The frame.append method is deprecated and will be removed from pandas in a future version. Use pandas.concat instead.
 /gpfs/home4/dlehman/5SC28-ML4SC-gym-unbalanced-disk/Gaussian_Processes/GP_NARX_vary_nanb.py:75: FutureWarning:The frame.append method is deprecated and will be removed from pandas in a future version. Use pandas.concat instead.
 /gpfs/home4/dlehman/5SC28-ML4SC-gym-unbalanced-disk/Gaussian_Processes/GP_NARX_vary_nanb.py:75: FutureWarning:The frame.append method is deprecated and will be removed from pandas in a future version. Use pandas.concat instead.
 /gpfs/home4/dlehman/5SC28-ML4SC-gym-unbalanced-disk/Gaussian_Processes/GP_NARX_vary_nanb.py:75: FutureWarning:The frame.append method is deprecated and will be removed from pandas in a future version. Use pandas.concat instead.
 /gpfs/home4/dlehman/5SC28-ML4SC-gym-unbalanced-disk/Gaussian_Processes/GP_NARX_vary_nanb.py:75: FutureWarning:The frame.append method is deprecated and will be removed from pandas in a future version. Use pandas.concat instead.
 /gpfs/home4/dlehman/5SC28-ML4SC-gym-unbalanced-disk/Gaussian_Processes/GP_NARX_vary_nanb.py:75: FutureWarning:The frame.append method is deprecated and will be removed from pandas in a future version. Use pandas.concat instead.
 /gpfs/home4/dlehman/5SC28-ML4SC-gym-unbalanced-disk/Gaussian_Processes/GP_NARX_vary_nanb.py:75: FutureWarning:The frame.append method is deprecated and will be removed from pandas in a future version. Use pandas.concat instead.
 /gpfs/home4/dlehman/5SC28-ML4SC-gym-unbalanced-disk/Gaussian_Processes/GP_NARX_vary_nanb.py:75: FutureWarning:The frame.append method is deprecated and will be removed from pandas in a future version. Use pandas.concat instead.
 /gpfs/home4/dlehman/5SC28-ML4SC-gym-unbalanced-disk/Gaussian_Processes/GP_NARX_vary_nanb.py:75: FutureWarning:The frame.append method is deprecated and will be removed from pandas in a future version. Use pandas.concat instead.
 /gpfs/home4/dlehman/5SC28-ML4SC-gym-unbalanced-disk/Gaussian_Processes/GP_NARX_vary_nanb.py:75: FutureWarning:The frame.append method is deprecated and will be removed from pandas in a future version. Use pandas.concat instead.
 /gpfs/home4/dlehman/5SC28-ML4SC-gym-unbalanced-disk/Gaussian_Processes/GP_NARX_vary_nanb.py:75: FutureWarning:The frame.append method is deprecated and will be removed from pandas in a future version. Use pandas.concat instead.
 /gpfs/home4/dlehman/5SC28-ML4SC-gym-unbalanced-disk/Gaussian_Processes/GP_NARX_vary_nanb.py:75: FutureWarning:The frame.append method is deprecated and will be removed from pandas in a future version. Use pandas.concat instead.
 /gpfs/home4/dlehman/5SC28-ML4SC-gym-unbalanced-disk/Gaussian_Processes/GP_NARX_vary_nanb.py:75: FutureWarning:The frame.append method is deprecated and will be removed from pandas in a future version. Use pandas.concat instead.
 /gpfs/home4/dlehman/5SC28-ML4SC-gym-unbalanced-disk/Gaussian_Processes/GP_NARX_vary_nanb.py:75: FutureWarning:The frame.append method is deprecated and will be removed from pandas in a future version. Use pandas.concat instead.
 /gpfs/home4/dlehman/5SC28-ML4SC-gym-unbalanced-disk/Gaussian_Processes/GP_NARX_vary_nanb.py:75: FutureWarning:The frame.append method is deprecated and will be removed from pandas in a future version. Use pandas.concat instead.
 /gpfs/home4/dlehman/5SC28-ML4SC-gym-unbalanced-disk/Gaussian_Processes/GP_NARX_vary_nanb.py:75: FutureWarning:The frame.append method is deprecated and will be removed from pandas in a future version. Use pandas.concat instead.
 /gpfs/home4/dlehman/5SC28-ML4SC-gym-unbalanced-disk/Gaussian_Processes/GP_NARX_vary_nanb.py:75: FutureWarning:The frame.append method is deprecated and will be removed from pandas in a future version. Use pandas.concat instead.
 /gpfs/home4/dlehman/5SC28-ML4SC-gym-unbalanced-disk/Gaussian_Processes/GP_NARX_vary_nanb.py:75: FutureWarning:The frame.append method is deprecated and will be removed from pandas in a future version. Use pandas.concat instead.
 /gpfs/home4/dlehman/5SC28-ML4SC-gym-unbalanced-disk/Gaussian_Processes/GP_NARX_vary_nanb.py:75: FutureWarning:The frame.append method is deprecated and will be removed from pandas in a future version. Use pandas.concat instead.
 /gpfs/home4/dlehman/5SC28-ML4SC-gym-unbalanced-disk/Gaussian_Processes/GP_NARX_vary_nanb.py:75: FutureWarning:The frame.append method is deprecated and will be removed from pandas in a future version. Use pandas.concat instead.
 /gpfs/home4/dlehman/5SC28-ML4SC-gym-unbalanced-disk/Gaussian_Processes/GP_NARX_vary_nanb.py:75: FutureWarning:The frame.append method is deprecated and will be removed from pandas in a future version. Use pandas.concat instead.
 /gpfs/home4/dlehman/5SC28-ML4SC-gym-unbalanced-disk/Gaussian_Processes/GP_NARX_vary_nanb.py:75: FutureWarning:The frame.append method is deprecated and will be removed from pandas in a future version. Use pandas.concat instead.
 /gpfs/home4/dlehman/5SC28-ML4SC-gym-unbalanced-disk/Gaussian_Processes/GP_NARX_vary_nanb.py:75: FutureWarning:The frame.append method is deprecated and will be removed from pandas in a future version. Use pandas.concat instead.
 /gpfs/home4/dlehman/5SC28-ML4SC-gym-unbalanced-disk/Gaussian_Processes/GP_NARX_vary_nanb.py:75: FutureWarning:The frame.append method is deprecated and will be removed from pandas in a future version. Use pandas.concat instead.
 /gpfs/home4/dlehman/5SC28-ML4SC-gym-unbalanced-disk/Gaussian_Processes/GP_NARX_vary_nanb.py:75: FutureWarning:The frame.append method is deprecated and will be removed from pandas in a future version. Use pandas.concat instead.
 /gpfs/home4/dlehman/5SC28-ML4SC-gym-unbalanced-disk/Gaussian_Processes/GP_NARX_vary_nanb.py:75: FutureWarning:The frame.append method is deprecated and will be removed from pandas in a future version. Use pandas.concat instead.
 /gpfs/home4/dlehman/5SC28-ML4SC-gym-unbalanced-disk/Gaussian_Processes/GP_NARX_vary_nanb.py:75: FutureWarning:The frame.append method is deprecated and will be removed from pandas in a future version. Use pandas.concat instead.
 /gpfs/home4/dlehman/5SC28-ML4SC-gym-unbalanced-disk/Gaussian_Processes/GP_NARX_vary_nanb.py:75: FutureWarning:The frame.append method is deprecated and will be removed from pandas in a future version. Use pandas.concat instead.
 /gpfs/home4/dlehman/5SC28-ML4SC-gym-unbalanced-disk/Gaussian_Processes/GP_NARX_vary_nanb.py:75: FutureWarning:The frame.append method is deprecated and will be removed from pandas in a future version. Use pandas.concat instead.
 /gpfs/home4/dlehman/5SC28-ML4SC-gym-unbalanced-disk/Gaussian_Processes/GP_NARX_vary_nanb.py:75: FutureWarning:The frame.append method is deprecated and will be removed from pandas in a future version. Use pandas.concat instead.
 /gpfs/home4/dlehman/5SC28-ML4SC-gym-unbalanced-disk/Gaussian_Processes/GP_NARX_vary_nanb.py:75: FutureWarning:The frame.append method is deprecated and will be removed from pandas in a future version. Use pandas.concat instead.
 /gpfs/home4/dlehman/5SC28-ML4SC-gym-unbalanced-disk/Gaussian_Processes/GP_NARX_vary_nanb.py:75: FutureWarning:The frame.append method is deprecated and will be removed from pandas in a future version. Use pandas.concat instead.
 /gpfs/home4/dlehman/5SC28-ML4SC-gym-unbalanced-disk/Gaussian_Processes/GP_NARX_vary_nanb.py:75: FutureWarning:The frame.append method is deprecated and will be removed from pandas in a future version. Use pandas.concat instead.
 /gpfs/home4/dlehman/5SC28-ML4SC-gym-unbalanced-disk/Gaussian_Processes/GP_NARX_vary_nanb.py:75: FutureWarning:The frame.append method is deprecated and will be removed from pandas in a future version. Use pandas.concat instead.
 /gpfs/home4/dlehman/5SC28-ML4SC-gym-unbalanced-disk/Gaussian_Processes/GP_NARX_vary_nanb.py:75: FutureWarning:The frame.append method is deprecated and will be removed from pandas in a future version. Use pandas.concat instead.
 /gpfs/home4/dlehman/5SC28-ML4SC-gym-unbalanced-disk/Gaussian_Processes/GP_NARX_vary_nanb.py:75: FutureWarning:The frame.append method is deprecated and will be removed from pandas in a future version. Use pandas.concat instead.
 /gpfs/home4/dlehman/5SC28-ML4SC-gym-unbalanced-disk/Gaussian_Processes/GP_NARX_vary_nanb.py:75: FutureWarning:The frame.append method is deprecated and will be removed from pandas in a future version. Use pandas.concat instead.
 /gpfs/home4/dlehman/5SC28-ML4SC-gym-unbalanced-disk/Gaussian_Processes/GP_NARX_vary_nanb.py:75: FutureWarning:The frame.append method is deprecated and will be removed from pandas in a future version. Use pandas.concat instead.
 /gpfs/home4/dlehman/5SC28-ML4SC-gym-unbalanced-disk/Gaussian_Processes/GP_NARX_vary_nanb.py:75: FutureWarning:The frame.append method is deprecated and will be removed from pandas in a future version. Use pandas.concat instead.
 /gpfs/home4/dlehman/5SC28-ML4SC-gym-unbalanced-disk/Gaussian_Processes/GP_NARX_vary_nanb.py:75: FutureWarning:The frame.append method is deprecated and will be removed from pandas in a future version. Use pandas.concat instead.
 /gpfs/home4/dlehman/5SC28-ML4SC-gym-unbalanced-disk/Gaussian_Processes/GP_NARX_vary_nanb.py:75: FutureWarning:The frame.append method is deprecated and will be removed from pandas in a future version. Use pandas.concat instead.
 /gpfs/home4/dlehman/5SC28-ML4SC-gym-unbalanced-disk/Gaussian_Processes/GP_NARX_vary_nanb.py:75: FutureWarning:The frame.append method is deprecated and will be removed from pandas in a future version. Use pandas.concat instead.
 /gpfs/home4/dlehman/5SC28-ML4SC-gym-unbalanced-disk/Gaussian_Processes/GP_NARX_vary_nanb.py:75: FutureWarning:The frame.append method is deprecated and will be removed from pandas in a future version. Use pandas.concat instead.
 /gpfs/home4/dlehman/5SC28-ML4SC-gym-unbalanced-disk/Gaussian_Processes/GP_NARX_vary_nanb.py:75: FutureWarning:The frame.append method is deprecated and will be removed from pandas in a future version. Use pandas.concat instead.
 /gpfs/home4/dlehman/5SC28-ML4SC-gym-unbalanced-disk/Gaussian_Processes/GP_NARX_vary_nanb.py:75: FutureWarning:The frame.append method is deprecated and will be removed from pandas in a future version. Use pandas.concat instead.
 /gpfs/home4/dlehman/5SC28-ML4SC-gym-unbalanced-disk/Gaussian_Processes/GP_NARX_vary_nanb.py:75: FutureWarning:The frame.append method is deprecated and will be removed from pandas in a future version. Use pandas.concat instead.
 /gpfs/home4/dlehman/5SC28-ML4SC-gym-unbalanced-disk/Gaussian_Processes/GP_NARX_vary_nanb.py:75: FutureWarning:The frame.append method is deprecated and will be removed from pandas in a future version. Use pandas.concat instead.
 /gpfs/home4/dlehman/5SC28-ML4SC-gym-unbalanced-disk/Gaussian_Processes/GP_NARX_vary_nanb.py:75: FutureWarning:The frame.append method is deprecated and will be removed from pandas in a future version. Use pandas.concat instead.
 /gpfs/home4/dlehman/5SC28-ML4SC-gym-unbalanced-disk/Gaussian_Processes/GP_NARX_vary_nanb.py:75: FutureWarning:The frame.append method is deprecated and will be removed from pandas in a future version. Use pandas.concat instead.
 /gpfs/home4/dlehman/5SC28-ML4SC-gym-unbalanced-disk/Gaussian_Processes/GP_NARX_vary_nanb.py:75: FutureWarning:The frame.append method is deprecated and will be removed from pandas in a future version. Use pandas.concat instead.
 /gpfs/home4/dlehman/5SC28-ML4SC-gym-unbalanced-disk/Gaussian_Processes/GP_NARX_vary_nanb.py:75: FutureWarning:The frame.append method is deprecated and will be removed from pandas in a future version. Use pandas.concat instead.
 /gpfs/home4/dlehman/5SC28-ML4SC-gym-unbalanced-disk/Gaussian_Processes/GP_NARX_vary_nanb.py:75: FutureWarning:The frame.append method is deprecated and will be removed from pandas in a future version. Use pandas.concat instead.
 /gpfs/home4/dlehman/5SC28-ML4SC-gym-unbalanced-disk/Gaussian_Processes/GP_NARX_vary_nanb.py:75: FutureWarning:The frame.append method is deprecated and will be removed from pandas in a future version. Use pandas.concat instead.
 /gpfs/home4/dlehman/5SC28-ML4SC-gym-unbalanced-disk/Gaussian_Processes/GP_NARX_vary_nanb.py:75: FutureWarning:The frame.append method is deprecated and will be removed from pandas in a future version. Use pandas.concat instead.
 /gpfs/home4/dlehman/5SC28-ML4SC-gym-unbalanced-disk/Gaussian_Processes/GP_NARX_vary_nanb.py:75: FutureWarning:The frame.append method is deprecated and will be removed from pandas in a future version. Use pandas.concat instead.
 /gpfs/home4/dlehman/5SC28-ML4SC-gym-unbalanced-disk/Gaussian_Processes/GP_NARX_vary_nanb.py:75: FutureWarning:The frame.append method is deprecated and will be removed from pandas in a future version. Use pandas.concat instead.
 /gpfs/home4/dlehman/5SC28-ML4SC-gym-unbalanced-disk/Gaussian_Processes/GP_NARX_vary_nanb.py:75: FutureWarning:The frame.append method is deprecated and will be removed from pandas in a future version. Use pandas.concat instead.
/gpfs/home4/dlehman/5SC28-ML4SC-gym-unbalanced-disk
/gpfs/home4/dlehman/5SC28-ML4SC-gym-unbalanced-disk
/gpfs/home4/dlehman/5SC28-ML4SC-gym-unbalanced-disk
/gpfs/home4/dlehman/5SC28-ML4SC-gym-unbalanced-disk
/gpfs/home4/dlehman/5SC28-ML4SC-gym-unbalanced-disk
/gpfs/home4/dlehman/5SC28-ML4SC-gym-unbalanced-disk
/gpfs/home4/dlehman/5SC28-ML4SC-gym-unbalanced-disk
/gpfs/home4/dlehman/5SC28-ML4SC-gym-unbalanced-disk
/gpfs/home4/dlehman/5SC28-ML4SC-gym-unbalanced-disk
/gpfs/home4/dlehman/5SC28-ML4SC-gym-unbalanced-disk
/gpfs/home4/dlehman/5SC28-ML4SC-gym-unbalanced-disk
/gpfs/home4/dlehman/5SC28-ML4SC-gym-unbalanced-disk
/gpfs/home4/dlehman/5SC28-ML4SC-gym-unbalanced-disk
/gpfs/home4/dlehman/5SC28-ML4SC-gym-unbalanced-disk
/gpfs/home4/dlehman/5SC28-ML4SC-gym-unbalanced-disk
/gpfs/home4/dlehman/5SC28-ML4SC-gym-unbalanced-disk
/gpfs/home4/dlehman/5SC28-ML4SC-gym-unbalanced-disk
/gpfs/home4/dlehman/5SC28-ML4SC-gym-unbalanced-disk
/gpfs/home4/dlehman/5SC28-ML4SC-gym-unbalanced-disk
/gpfs/home4/dlehman/5SC28-ML4SC-gym-unbalanced-disk
/gpfs/home4/dlehman/5SC28-ML4SC-gym-unbalanced-disk
/gpfs/home4/dlehman/5SC28-ML4SC-gym-unbalanced-disk
/gpfs/home4/dlehman/5SC28-ML4SC-gym-unbalanced-disk
/gpfs/home4/dlehman/5SC28-ML4SC-gym-unbalanced-disk
/gpfs/home4/dlehman/5SC28-ML4SC-gym-unbalanced-disk
/gpfs/home4/dlehman/5SC28-ML4SC-gym-unbalanced-disk
/gpfs/home4/dlehman/5SC28-ML4SC-gym-unbalanced-disk
/gpfs/home4/dlehman/5SC28-ML4SC-gym-unbalanced-disk
/gpfs/home4/dlehman/5SC28-ML4SC-gym-unbalanced-disk
/gpfs/home4/dlehman/5SC28-ML4SC-gym-unbalanced-disk

JOB STATISTICS
==============
Job ID: 2961462
Cluster: snellius
User/Group: dlehman/dlehman
State: COMPLETED (exit code 0)
Nodes: 1
Cores per node: 18
CPU Utilized: 04:20:00
CPU Efficiency: 96.51% of 04:29:24 core-walltime
Job Wall-clock time: 00:14:58
Memory Utilized: 2.15 GB
Memory Efficiency: 0.00% of 0.00 MB
