 /home/dlehman/.conda/envs/ml4sc/lib/python3.10/site-packages/GPy/kern/src/stationary.py:168: RuntimeWarning:overflow encountered in divide
 /home/dlehman/.conda/envs/ml4sc/lib/python3.10/site-packages/GPy/kern/src/rbf.py:52: RuntimeWarning:overflow encountered in square
 /home/dlehman/.conda/envs/ml4sc/lib/python3.10/site-packages/GPy/kern/src/rbf.py:76: RuntimeWarning:invalid value encountered in multiply
 /gpfs/home4/dlehman/5SC28-ML4SC-gym-unbalanced-disk/Gaussian_Processes/Experiments_GP_NARX.py:70: FutureWarning:The frame.append method is deprecated and will be removed from pandas in a future version. Use pandas.concat instead.
 /gpfs/home4/dlehman/5SC28-ML4SC-gym-unbalanced-disk/Gaussian_Processes/Experiments_GP_NARX.py:70: FutureWarning:The frame.append method is deprecated and will be removed from pandas in a future version. Use pandas.concat instead.
 /gpfs/home4/dlehman/5SC28-ML4SC-gym-unbalanced-disk/Gaussian_Processes/Experiments_GP_NARX.py:70: FutureWarning:The frame.append method is deprecated and will be removed from pandas in a future version. Use pandas.concat instead.
/var/spool/slurm/slurmd/job2958192/slurm_script: line 16: 3422452 Segmentation fault      python Experiments_GP_NARX.py

JOB STATISTICS
==============
Job ID: 2958192
Cluster: snellius
User/Group: dlehman/dlehman
State: FAILED (exit code 139)
Nodes: 1
Cores per node: 18
CPU Utilized: 1-01:02:57
CPU Efficiency: 41.22% of 2-12:45:54 core-walltime
Job Wall-clock time: 03:22:33
Memory Utilized: 113.89 GB
Memory Efficiency: 0.00% of 0.00 MB
