 /gpfs/home4/dlehman/5SC28-ML4SC-gym-unbalanced-disk/Gaussian_Processes/Experiments_GP_NARX.py:69: FutureWarning:The frame.append method is deprecated and will be removed from pandas in a future version. Use pandas.concat instead.
 /gpfs/home4/dlehman/5SC28-ML4SC-gym-unbalanced-disk/Gaussian_Processes/Experiments_GP_NARX.py:69: FutureWarning:The frame.append method is deprecated and will be removed from pandas in a future version. Use pandas.concat instead.
 /gpfs/home4/dlehman/5SC28-ML4SC-gym-unbalanced-disk/Gaussian_Processes/Experiments_GP_NARX.py:69: FutureWarning:The frame.append method is deprecated and will be removed from pandas in a future version. Use pandas.concat instead.
 /gpfs/home4/dlehman/5SC28-ML4SC-gym-unbalanced-disk/Gaussian_Processes/Experiments_GP_NARX.py:69: FutureWarning:The frame.append method is deprecated and will be removed from pandas in a future version. Use pandas.concat instead.
 /gpfs/home4/dlehman/5SC28-ML4SC-gym-unbalanced-disk/Gaussian_Processes/Experiments_GP_NARX.py:69: FutureWarning:The frame.append method is deprecated and will be removed from pandas in a future version. Use pandas.concat instead.
 /gpfs/home4/dlehman/5SC28-ML4SC-gym-unbalanced-disk/Gaussian_Processes/Experiments_GP_NARX.py:69: FutureWarning:The frame.append method is deprecated and will be removed from pandas in a future version. Use pandas.concat instead.
 /gpfs/home4/dlehman/5SC28-ML4SC-gym-unbalanced-disk/Gaussian_Processes/Experiments_GP_NARX.py:69: FutureWarning:The frame.append method is deprecated and will be removed from pandas in a future version. Use pandas.concat instead.
 /gpfs/home4/dlehman/5SC28-ML4SC-gym-unbalanced-disk/Gaussian_Processes/Experiments_GP_NARX.py:69: FutureWarning:The frame.append method is deprecated and will be removed from pandas in a future version. Use pandas.concat instead.
 /gpfs/home4/dlehman/5SC28-ML4SC-gym-unbalanced-disk/Gaussian_Processes/Experiments_GP_NARX.py:69: FutureWarning:The frame.append method is deprecated and will be removed from pandas in a future version. Use pandas.concat instead.
 /gpfs/home4/dlehman/5SC28-ML4SC-gym-unbalanced-disk/Gaussian_Processes/Experiments_GP_NARX.py:69: FutureWarning:The frame.append method is deprecated and will be removed from pandas in a future version. Use pandas.concat instead.
 /gpfs/home4/dlehman/5SC28-ML4SC-gym-unbalanced-disk/Gaussian_Processes/Experiments_GP_NARX.py:69: FutureWarning:The frame.append method is deprecated and will be removed from pandas in a future version. Use pandas.concat instead.
 /gpfs/home4/dlehman/5SC28-ML4SC-gym-unbalanced-disk/Gaussian_Processes/Experiments_GP_NARX.py:69: FutureWarning:The frame.append method is deprecated and will be removed from pandas in a future version. Use pandas.concat instead.
 /gpfs/home4/dlehman/5SC28-ML4SC-gym-unbalanced-disk/Gaussian_Processes/Experiments_GP_NARX.py:69: FutureWarning:The frame.append method is deprecated and will be removed from pandas in a future version. Use pandas.concat instead.
 /gpfs/home4/dlehman/5SC28-ML4SC-gym-unbalanced-disk/Gaussian_Processes/Experiments_GP_NARX.py:69: FutureWarning:The frame.append method is deprecated and will be removed from pandas in a future version. Use pandas.concat instead.
 /gpfs/home4/dlehman/5SC28-ML4SC-gym-unbalanced-disk/Gaussian_Processes/Experiments_GP_NARX.py:69: FutureWarning:The frame.append method is deprecated and will be removed from pandas in a future version. Use pandas.concat instead.
 /gpfs/home4/dlehman/5SC28-ML4SC-gym-unbalanced-disk/Gaussian_Processes/Experiments_GP_NARX.py:69: FutureWarning:The frame.append method is deprecated and will be removed from pandas in a future version. Use pandas.concat instead.
 /gpfs/home4/dlehman/5SC28-ML4SC-gym-unbalanced-disk/Gaussian_Processes/Experiments_GP_NARX.py:69: FutureWarning:The frame.append method is deprecated and will be removed from pandas in a future version. Use pandas.concat instead.
 /gpfs/home4/dlehman/5SC28-ML4SC-gym-unbalanced-disk/Gaussian_Processes/Experiments_GP_NARX.py:69: FutureWarning:The frame.append method is deprecated and will be removed from pandas in a future version. Use pandas.concat instead.
 /gpfs/home4/dlehman/5SC28-ML4SC-gym-unbalanced-disk/Gaussian_Processes/Experiments_GP_NARX.py:69: FutureWarning:The frame.append method is deprecated and will be removed from pandas in a future version. Use pandas.concat instead.
 /gpfs/home4/dlehman/5SC28-ML4SC-gym-unbalanced-disk/Gaussian_Processes/Experiments_GP_NARX.py:69: FutureWarning:The frame.append method is deprecated and will be removed from pandas in a future version. Use pandas.concat instead.
 /gpfs/home4/dlehman/5SC28-ML4SC-gym-unbalanced-disk/Gaussian_Processes/Experiments_GP_NARX.py:69: FutureWarning:The frame.append method is deprecated and will be removed from pandas in a future version. Use pandas.concat instead.
 /gpfs/home4/dlehman/5SC28-ML4SC-gym-unbalanced-disk/Gaussian_Processes/Experiments_GP_NARX.py:69: FutureWarning:The frame.append method is deprecated and will be removed from pandas in a future version. Use pandas.concat instead.
 /gpfs/home4/dlehman/5SC28-ML4SC-gym-unbalanced-disk/Gaussian_Processes/Experiments_GP_NARX.py:69: FutureWarning:The frame.append method is deprecated and will be removed from pandas in a future version. Use pandas.concat instead.
 /gpfs/home4/dlehman/5SC28-ML4SC-gym-unbalanced-disk/Gaussian_Processes/Experiments_GP_NARX.py:69: FutureWarning:The frame.append method is deprecated and will be removed from pandas in a future version. Use pandas.concat instead.
 /gpfs/home4/dlehman/5SC28-ML4SC-gym-unbalanced-disk/Gaussian_Processes/Experiments_GP_NARX.py:69: FutureWarning:The frame.append method is deprecated and will be removed from pandas in a future version. Use pandas.concat instead.
 /gpfs/home4/dlehman/5SC28-ML4SC-gym-unbalanced-disk/Gaussian_Processes/Experiments_GP_NARX.py:69: FutureWarning:The frame.append method is deprecated and will be removed from pandas in a future version. Use pandas.concat instead.
 /gpfs/home4/dlehman/5SC28-ML4SC-gym-unbalanced-disk/Gaussian_Processes/Experiments_GP_NARX.py:69: FutureWarning:The frame.append method is deprecated and will be removed from pandas in a future version. Use pandas.concat instead.
 /gpfs/home4/dlehman/5SC28-ML4SC-gym-unbalanced-disk/Gaussian_Processes/Experiments_GP_NARX.py:69: FutureWarning:The frame.append method is deprecated and will be removed from pandas in a future version. Use pandas.concat instead.
 /gpfs/home4/dlehman/5SC28-ML4SC-gym-unbalanced-disk/Gaussian_Processes/Experiments_GP_NARX.py:69: FutureWarning:The frame.append method is deprecated and will be removed from pandas in a future version. Use pandas.concat instead.
 /gpfs/home4/dlehman/5SC28-ML4SC-gym-unbalanced-disk/Gaussian_Processes/Experiments_GP_NARX.py:69: FutureWarning:The frame.append method is deprecated and will be removed from pandas in a future version. Use pandas.concat instead.
 /gpfs/home4/dlehman/5SC28-ML4SC-gym-unbalanced-disk/Gaussian_Processes/Experiments_GP_NARX.py:69: FutureWarning:The frame.append method is deprecated and will be removed from pandas in a future version. Use pandas.concat instead.
 /gpfs/home4/dlehman/5SC28-ML4SC-gym-unbalanced-disk/Gaussian_Processes/Experiments_GP_NARX.py:69: FutureWarning:The frame.append method is deprecated and will be removed from pandas in a future version. Use pandas.concat instead.
 /gpfs/home4/dlehman/5SC28-ML4SC-gym-unbalanced-disk/Gaussian_Processes/Experiments_GP_NARX.py:69: FutureWarning:The frame.append method is deprecated and will be removed from pandas in a future version. Use pandas.concat instead.
 /gpfs/home4/dlehman/5SC28-ML4SC-gym-unbalanced-disk/Gaussian_Processes/Experiments_GP_NARX.py:69: FutureWarning:The frame.append method is deprecated and will be removed from pandas in a future version. Use pandas.concat instead.
 /gpfs/home4/dlehman/5SC28-ML4SC-gym-unbalanced-disk/Gaussian_Processes/Experiments_GP_NARX.py:69: FutureWarning:The frame.append method is deprecated and will be removed from pandas in a future version. Use pandas.concat instead.
 /gpfs/home4/dlehman/5SC28-ML4SC-gym-unbalanced-disk/Gaussian_Processes/Experiments_GP_NARX.py:69: FutureWarning:The frame.append method is deprecated and will be removed from pandas in a future version. Use pandas.concat instead.
 /gpfs/home4/dlehman/5SC28-ML4SC-gym-unbalanced-disk/Gaussian_Processes/Experiments_GP_NARX.py:69: FutureWarning:The frame.append method is deprecated and will be removed from pandas in a future version. Use pandas.concat instead.
 /gpfs/home4/dlehman/5SC28-ML4SC-gym-unbalanced-disk/Gaussian_Processes/Experiments_GP_NARX.py:69: FutureWarning:The frame.append method is deprecated and will be removed from pandas in a future version. Use pandas.concat instead.
 /gpfs/home4/dlehman/5SC28-ML4SC-gym-unbalanced-disk/Gaussian_Processes/Experiments_GP_NARX.py:69: FutureWarning:The frame.append method is deprecated and will be removed from pandas in a future version. Use pandas.concat instead.
 /gpfs/home4/dlehman/5SC28-ML4SC-gym-unbalanced-disk/Gaussian_Processes/Experiments_GP_NARX.py:69: FutureWarning:The frame.append method is deprecated and will be removed from pandas in a future version. Use pandas.concat instead.
 /gpfs/home4/dlehman/5SC28-ML4SC-gym-unbalanced-disk/Gaussian_Processes/Experiments_GP_NARX.py:69: FutureWarning:The frame.append method is deprecated and will be removed from pandas in a future version. Use pandas.concat instead.
 /gpfs/home4/dlehman/5SC28-ML4SC-gym-unbalanced-disk/Gaussian_Processes/Experiments_GP_NARX.py:69: FutureWarning:The frame.append method is deprecated and will be removed from pandas in a future version. Use pandas.concat instead.
 /gpfs/home4/dlehman/5SC28-ML4SC-gym-unbalanced-disk/Gaussian_Processes/Experiments_GP_NARX.py:69: FutureWarning:The frame.append method is deprecated and will be removed from pandas in a future version. Use pandas.concat instead.
 /gpfs/home4/dlehman/5SC28-ML4SC-gym-unbalanced-disk/Gaussian_Processes/Experiments_GP_NARX.py:69: FutureWarning:The frame.append method is deprecated and will be removed from pandas in a future version. Use pandas.concat instead.
 /gpfs/home4/dlehman/5SC28-ML4SC-gym-unbalanced-disk/Gaussian_Processes/Experiments_GP_NARX.py:69: FutureWarning:The frame.append method is deprecated and will be removed from pandas in a future version. Use pandas.concat instead.
 /gpfs/home4/dlehman/5SC28-ML4SC-gym-unbalanced-disk/Gaussian_Processes/Experiments_GP_NARX.py:69: FutureWarning:The frame.append method is deprecated and will be removed from pandas in a future version. Use pandas.concat instead.
 /gpfs/home4/dlehman/5SC28-ML4SC-gym-unbalanced-disk/Gaussian_Processes/Experiments_GP_NARX.py:69: FutureWarning:The frame.append method is deprecated and will be removed from pandas in a future version. Use pandas.concat instead.
 /gpfs/home4/dlehman/5SC28-ML4SC-gym-unbalanced-disk/Gaussian_Processes/Experiments_GP_NARX.py:69: FutureWarning:The frame.append method is deprecated and will be removed from pandas in a future version. Use pandas.concat instead.
 /gpfs/home4/dlehman/5SC28-ML4SC-gym-unbalanced-disk/Gaussian_Processes/Experiments_GP_NARX.py:69: FutureWarning:The frame.append method is deprecated and will be removed from pandas in a future version. Use pandas.concat instead.
 /gpfs/home4/dlehman/5SC28-ML4SC-gym-unbalanced-disk/Gaussian_Processes/Experiments_GP_NARX.py:69: FutureWarning:The frame.append method is deprecated and will be removed from pandas in a future version. Use pandas.concat instead.
 /gpfs/home4/dlehman/5SC28-ML4SC-gym-unbalanced-disk/Gaussian_Processes/Experiments_GP_NARX.py:69: FutureWarning:The frame.append method is deprecated and will be removed from pandas in a future version. Use pandas.concat instead.
 /gpfs/home4/dlehman/5SC28-ML4SC-gym-unbalanced-disk/Gaussian_Processes/Experiments_GP_NARX.py:69: FutureWarning:The frame.append method is deprecated and will be removed from pandas in a future version. Use pandas.concat instead.
 /gpfs/home4/dlehman/5SC28-ML4SC-gym-unbalanced-disk/Gaussian_Processes/Experiments_GP_NARX.py:69: FutureWarning:The frame.append method is deprecated and will be removed from pandas in a future version. Use pandas.concat instead.
 /gpfs/home4/dlehman/5SC28-ML4SC-gym-unbalanced-disk/Gaussian_Processes/Experiments_GP_NARX.py:69: FutureWarning:The frame.append method is deprecated and will be removed from pandas in a future version. Use pandas.concat instead.
 /gpfs/home4/dlehman/5SC28-ML4SC-gym-unbalanced-disk/Gaussian_Processes/Experiments_GP_NARX.py:69: FutureWarning:The frame.append method is deprecated and will be removed from pandas in a future version. Use pandas.concat instead.
 /gpfs/home4/dlehman/5SC28-ML4SC-gym-unbalanced-disk/Gaussian_Processes/Experiments_GP_NARX.py:69: FutureWarning:The frame.append method is deprecated and will be removed from pandas in a future version. Use pandas.concat instead.
 /gpfs/home4/dlehman/5SC28-ML4SC-gym-unbalanced-disk/Gaussian_Processes/Experiments_GP_NARX.py:69: FutureWarning:The frame.append method is deprecated and will be removed from pandas in a future version. Use pandas.concat instead.
 /home/dlehman/.conda/envs/ml4sc/lib/python3.10/site-packages/GPy/kern/src/stationary.py:168: RuntimeWarning:overflow encountered in divide
 /home/dlehman/.conda/envs/ml4sc/lib/python3.10/site-packages/GPy/kern/src/rbf.py:76: RuntimeWarning:invalid value encountered in multiply
 /gpfs/home4/dlehman/5SC28-ML4SC-gym-unbalanced-disk/Gaussian_Processes/Experiments_GP_NARX.py:69: FutureWarning:The frame.append method is deprecated and will be removed from pandas in a future version. Use pandas.concat instead.
 /gpfs/home4/dlehman/5SC28-ML4SC-gym-unbalanced-disk/Gaussian_Processes/Experiments_GP_NARX.py:69: FutureWarning:The frame.append method is deprecated and will be removed from pandas in a future version. Use pandas.concat instead.
 /gpfs/home4/dlehman/5SC28-ML4SC-gym-unbalanced-disk/Gaussian_Processes/Experiments_GP_NARX.py:69: FutureWarning:The frame.append method is deprecated and will be removed from pandas in a future version. Use pandas.concat instead.
 /gpfs/home4/dlehman/5SC28-ML4SC-gym-unbalanced-disk/Gaussian_Processes/Experiments_GP_NARX.py:69: FutureWarning:The frame.append method is deprecated and will be removed from pandas in a future version. Use pandas.concat instead.
 /gpfs/home4/dlehman/5SC28-ML4SC-gym-unbalanced-disk/Gaussian_Processes/Experiments_GP_NARX.py:69: FutureWarning:The frame.append method is deprecated and will be removed from pandas in a future version. Use pandas.concat instead.
 /gpfs/home4/dlehman/5SC28-ML4SC-gym-unbalanced-disk/Gaussian_Processes/Experiments_GP_NARX.py:69: FutureWarning:The frame.append method is deprecated and will be removed from pandas in a future version. Use pandas.concat instead.
 /gpfs/home4/dlehman/5SC28-ML4SC-gym-unbalanced-disk/Gaussian_Processes/Experiments_GP_NARX.py:69: FutureWarning:The frame.append method is deprecated and will be removed from pandas in a future version. Use pandas.concat instead.
 /gpfs/home4/dlehman/5SC28-ML4SC-gym-unbalanced-disk/Gaussian_Processes/Experiments_GP_NARX.py:69: FutureWarning:The frame.append method is deprecated and will be removed from pandas in a future version. Use pandas.concat instead.
 /gpfs/home4/dlehman/5SC28-ML4SC-gym-unbalanced-disk/Gaussian_Processes/Experiments_GP_NARX.py:69: FutureWarning:The frame.append method is deprecated and will be removed from pandas in a future version. Use pandas.concat instead.
 /home/dlehman/.conda/envs/ml4sc/lib/python3.10/site-packages/GPy/kern/src/rbf.py:52: RuntimeWarning:overflow encountered in square
 /home/dlehman/.conda/envs/ml4sc/lib/python3.10/site-packages/GPy/kern/src/stationary.py:353: RuntimeWarning:invalid value encountered in divide
 /gpfs/home4/dlehman/5SC28-ML4SC-gym-unbalanced-disk/Gaussian_Processes/Experiments_GP_NARX.py:69: FutureWarning:The frame.append method is deprecated and will be removed from pandas in a future version. Use pandas.concat instead.
 /gpfs/home4/dlehman/5SC28-ML4SC-gym-unbalanced-disk/Gaussian_Processes/Experiments_GP_NARX.py:69: FutureWarning:The frame.append method is deprecated and will be removed from pandas in a future version. Use pandas.concat instead.
 /gpfs/home4/dlehman/5SC28-ML4SC-gym-unbalanced-disk/Gaussian_Processes/Experiments_GP_NARX.py:69: FutureWarning:The frame.append method is deprecated and will be removed from pandas in a future version. Use pandas.concat instead.
 /gpfs/home4/dlehman/5SC28-ML4SC-gym-unbalanced-disk/Gaussian_Processes/Experiments_GP_NARX.py:69: FutureWarning:The frame.append method is deprecated and will be removed from pandas in a future version. Use pandas.concat instead.
 /gpfs/home4/dlehman/5SC28-ML4SC-gym-unbalanced-disk/Gaussian_Processes/Experiments_GP_NARX.py:69: FutureWarning:The frame.append method is deprecated and will be removed from pandas in a future version. Use pandas.concat instead.
 /gpfs/home4/dlehman/5SC28-ML4SC-gym-unbalanced-disk/Gaussian_Processes/Experiments_GP_NARX.py:69: FutureWarning:The frame.append method is deprecated and will be removed from pandas in a future version. Use pandas.concat instead.
 /gpfs/home4/dlehman/5SC28-ML4SC-gym-unbalanced-disk/Gaussian_Processes/Experiments_GP_NARX.py:69: FutureWarning:The frame.append method is deprecated and will be removed from pandas in a future version. Use pandas.concat instead.
 /gpfs/home4/dlehman/5SC28-ML4SC-gym-unbalanced-disk/Gaussian_Processes/Experiments_GP_NARX.py:69: FutureWarning:The frame.append method is deprecated and will be removed from pandas in a future version. Use pandas.concat instead.
 /gpfs/home4/dlehman/5SC28-ML4SC-gym-unbalanced-disk/Gaussian_Processes/Experiments_GP_NARX.py:69: FutureWarning:The frame.append method is deprecated and will be removed from pandas in a future version. Use pandas.concat instead.
 /gpfs/home4/dlehman/5SC28-ML4SC-gym-unbalanced-disk/Gaussian_Processes/Experiments_GP_NARX.py:69: FutureWarning:The frame.append method is deprecated and will be removed from pandas in a future version. Use pandas.concat instead.
 /gpfs/home4/dlehman/5SC28-ML4SC-gym-unbalanced-disk/Gaussian_Processes/Experiments_GP_NARX.py:69: FutureWarning:The frame.append method is deprecated and will be removed from pandas in a future version. Use pandas.concat instead.
 /gpfs/home4/dlehman/5SC28-ML4SC-gym-unbalanced-disk/Gaussian_Processes/Experiments_GP_NARX.py:69: FutureWarning:The frame.append method is deprecated and will be removed from pandas in a future version. Use pandas.concat instead.
 /gpfs/home4/dlehman/5SC28-ML4SC-gym-unbalanced-disk/Gaussian_Processes/Experiments_GP_NARX.py:69: FutureWarning:The frame.append method is deprecated and will be removed from pandas in a future version. Use pandas.concat instead.
 /gpfs/home4/dlehman/5SC28-ML4SC-gym-unbalanced-disk/Gaussian_Processes/Experiments_GP_NARX.py:69: FutureWarning:The frame.append method is deprecated and will be removed from pandas in a future version. Use pandas.concat instead.
 /gpfs/home4/dlehman/5SC28-ML4SC-gym-unbalanced-disk/Gaussian_Processes/Experiments_GP_NARX.py:69: FutureWarning:The frame.append method is deprecated and will be removed from pandas in a future version. Use pandas.concat instead.
 /gpfs/home4/dlehman/5SC28-ML4SC-gym-unbalanced-disk/Gaussian_Processes/Experiments_GP_NARX.py:69: FutureWarning:The frame.append method is deprecated and will be removed from pandas in a future version. Use pandas.concat instead.
 /gpfs/home4/dlehman/5SC28-ML4SC-gym-unbalanced-disk/Gaussian_Processes/Experiments_GP_NARX.py:69: FutureWarning:The frame.append method is deprecated and will be removed from pandas in a future version. Use pandas.concat instead.
 /gpfs/home4/dlehman/5SC28-ML4SC-gym-unbalanced-disk/Gaussian_Processes/Experiments_GP_NARX.py:69: FutureWarning:The frame.append method is deprecated and will be removed from pandas in a future version. Use pandas.concat instead.
slurmstepd: error: *** JOB 2951616 ON gcn26 CANCELLED AT 2023-06-21T20:18:45 DUE TO TIME LIMIT ***

JOB STATISTICS
==============
Job ID: 2951616
Cluster: snellius
User/Group: dlehman/dlehman
State: TIMEOUT (exit code 0)
Nodes: 1
Cores per node: 18
CPU Utilized: 00:00:00
CPU Efficiency: 0.00% of 3-18:00:36 core-walltime
Job Wall-clock time: 05:00:02
Memory Utilized: 109.56 GB
Memory Efficiency: 0.00% of 0.00 MB
